<?xml version="1.0" encoding="UTF-8"?>
<testng-results ignored="0" total="0" passed="0" failed="0" skipped="0">
  <reporter-output>
  </reporter-output>
  <suite started-at="2022-03-08T13:31:09 MSK" name="edx.test.BaseTest" finished-at="2022-03-08T13:31:09 MSK" duration-ms="11">
    <groups>
    </groups>
    <test started-at="2022-03-08T13:31:09 MSK" name="Command line test" finished-at="2022-03-08T13:31:09 MSK" duration-ms="11">
    </test> <!-- Command line test -->
  </suite> <!-- edx.test.BaseTest -->
</testng-results>
